生成启动时间为 2012/10/10 16:36:27。
     1>项目“E:\360Downloads\my_prog\hellocpp11\hellocpp11\hellocpp11.vcxproj”在节点 2 上(build 个目标)。
     1>InitializeBuildStatus:
         正在创建“Debug\hellocpp11.unsuccessfulbuild”，因为已指定“AlwaysCreate”。
       ClCompile:
         D:\Program Files\Microsoft Visual Studio 10.0\VC\bin\CL.exe /c /Zi /nologo /W3 /WX- /Ox /Ob2 /Oi /Ot /Oy /GL /D _MBCS /Gm /EHsc /MDd /GS /fp:precise /Zc:wchar_t /Zc:forScope /Fo"Debug\\" /Fd"Debug\vc100.pdb" /Gd /TP /analyze- /errorReport:prompt main.cpp
         main.cpp
     1>main.cpp(10): warning C4800: “int”: 将值强制为布尔值“true”或“false”(性能警告)
     1>main.cpp(11): warning C4800: “int”: 将值强制为布尔值“true”或“false”(性能警告)
     1>main.cpp(12): warning C4800: “int”: 将值强制为布尔值“true”或“false”(性能警告)
       Link:
         D:\Program Files\Microsoft Visual Studio 10.0\VC\bin\link.exe /ERRORREPORT:PROMPT /OUT:"E:\360Downloads\my_prog\hellocpp11\Debug\hellocpp11.exe" /NOLOGO kernel32.lib user32.lib gdi32.lib winspool.lib comdlg32.lib advapi32.lib shell32.lib ole32.lib oleaut32.lib uuid.lib odbc32.lib odbccp32.lib /MANIFEST /ManifestFile:"Debug\hellocpp11.exe.intermediate.manifest" /MANIFESTUAC:"level='asInvoker' uiAccess='false'" /DEBUG /PDB:"E:\360Downloads\my_prog\hellocpp11\Debug\hellocpp11.pdb" /TLBID:1 /DYNAMICBASE /NXCOMPAT /IMPLIB:"E:\360Downloads\my_prog\hellocpp11\Debug\hellocpp11.lib" /MACHINE:X86 Debug\main.obj
         main.obj : 找到 MSIL .netmodule 或使用 /GL 编译的模块；正在使用 /LTCG 重新启动链接；将 /LTCG 添加到链接命令行以改进链接器性能
         正在生成代码
         已完成代码的生成
         hellocpp11.vcxproj -> E:\360Downloads\my_prog\hellocpp11\Debug\hellocpp11.exe
       Manifest:
         C:\Program Files\Microsoft SDKs\Windows\v7.0A\bin\mt.exe /nologo /verbose /outputresource:"E:\360Downloads\my_prog\hellocpp11\Debug\hellocpp11.exe;#1" /manifest Debug\hellocpp11.exe.intermediate.manifest
       FinalizeBuildStatus:
         正在删除文件“Debug\hellocpp11.unsuccessfulbuild”。
         正在对“Debug\hellocpp11.lastbuildstate”执行 Touch 任务。
     1>已完成生成项目“E:\360Downloads\my_prog\hellocpp11\hellocpp11\hellocpp11.vcxproj”(build 个目标)的操作。

生成成功。

已用时间 00:00:03.22
